Aug-09 13:09:59.647 [main] DEBUG nextflow.cli.Launcher - $> nextflow run peasoup.nf --fil_files 'M30_UHF_2022-12-25-12:00:00_cfbf00001.fil' 'M30_UHF_2022-12-25-12:00:00_cfbf00002.fil' short.fil -with-report sample_nextflow_report2.html
Aug-09 13:10:00.077 [main] INFO  nextflow.cli.CmdRun - N E X T F L O W  ~  version 23.04.2
Aug-09 13:10:00.171 [main] DEBUG nextflow.plugin.PluginsFacade - Setting up plugin manager > mode=prod; embedded=false; plugins-dir=/u/vishnu/.nextflow/plugins; core-plugins: nf-amazon@1.16.2,nf-azure@1.0.1,nf-codecommit@0.1.4,nf-console@1.0.5,nf-ga4gh@1.0.5,nf-google@1.7.3,nf-tower@1.5.12,nf-wave@0.8.3
Aug-09 13:10:00.186 [main] INFO  org.pf4j.DefaultPluginStatusProvider - Enabled plugins: []
Aug-09 13:10:00.192 [main] INFO  org.pf4j.DefaultPluginStatusProvider - Disabled plugins: []
Aug-09 13:10:00.196 [main] INFO  org.pf4j.DefaultPluginManager - PF4J version 3.4.1 in 'deployment' mode
Aug-09 13:10:00.240 [main] INFO  org.pf4j.AbstractPluginManager - No plugins
Aug-09 13:10:00.308 [main] DEBUG nextflow.config.ConfigBuilder - Found config local: /hercules/scratch/vishnu/NEXTFLOW/compact_nextflow/nextflow.config
Aug-09 13:10:00.309 [main] DEBUG nextflow.config.ConfigBuilder - Parsing config file: /hercules/scratch/vishnu/NEXTFLOW/compact_nextflow/nextflow.config
Aug-09 13:10:00.406 [main] DEBUG nextflow.config.ConfigBuilder - Applying config profile: `standard`
Aug-09 13:10:02.713 [main] DEBUG nextflow.cli.CmdRun - Applied DSL=2 from script declararion
Aug-09 13:10:02.747 [main] INFO  nextflow.cli.CmdRun - Launching `peasoup.nf` [voluminous_tesla] DSL2 - revision: 79ad06baed
Aug-09 13:10:02.753 [main] DEBUG nextflow.plugin.PluginsFacade - Plugins default=[]
Aug-09 13:10:02.753 [main] DEBUG nextflow.plugin.PluginsFacade - Plugins resolved requirement=[]
Aug-09 13:10:02.835 [main] DEBUG nextflow.secret.LocalSecretsProvider - Secrets store: /u/vishnu/.nextflow/secrets/store.json
Aug-09 13:10:02.841 [main] DEBUG nextflow.secret.SecretsLoader - Discovered secrets providers: [nextflow.secret.LocalSecretsProvider@75de29c0] - activable => nextflow.secret.LocalSecretsProvider@75de29c0
Aug-09 13:10:03.032 [main] DEBUG nextflow.Session - Session UUID: af761e2d-4817-4cc2-81b5-1590c822b726
Aug-09 13:10:03.032 [main] DEBUG nextflow.Session - Run name: voluminous_tesla
Aug-09 13:10:03.041 [main] DEBUG nextflow.Session - Executor pool size: 24
Aug-09 13:10:03.071 [main] DEBUG nextflow.util.ThreadPoolBuilder - Creating thread pool 'FileTransfer' minSize=10; maxSize=72; workQueue=LinkedBlockingQueue[10000]; allowCoreThreadTimeout=false
Aug-09 13:10:03.198 [main] DEBUG nextflow.cli.CmdRun - 
  Version: 23.04.2 build 5870
  Created: 08-06-2023 08:29 UTC (10:29 CEST)
  System: Linux 3.10.0-1160.59.1.el7.x86_64
  Runtime: Groovy 3.0.16 on OpenJDK 64-Bit Server VM 17.0.6+10
  Encoding: UTF-8 (ANSI_X3.4-1968)
  Process: 216623@hercules11 [130.183.197.11]
  CPUs: 24 - Mem: 188.3 GB (103.8 GB) - Swap: 16 GB (8.8 GB)
Aug-09 13:10:03.273 [main] DEBUG nextflow.Session - Work-dir: /hercules/scratch/vishnu/NEXTFLOW/compact_nextflow/work [gpfs]
Aug-09 13:10:03.273 [main] DEBUG nextflow.Session - Script base path does not exist or is not a directory: /hercules/scratch/vishnu/NEXTFLOW/compact_nextflow/bin
Aug-09 13:10:03.283 [main] DEBUG nextflow.executor.ExecutorFactory - Extension executors providers=[]
Aug-09 13:10:03.306 [main] DEBUG nextflow.Session - Observer factory: DefaultObserverFactory
Aug-09 13:10:03.433 [main] DEBUG nextflow.cache.CacheFactory - Using Nextflow cache factory: nextflow.cache.DefaultCacheFactory
Aug-09 13:10:03.465 [main] DEBUG nextflow.util.CustomThreadPool - Creating default thread pool > poolSize: 25; maxThreads: 1000
Aug-09 13:10:03.667 [main] DEBUG nextflow.Session - Session start
Aug-09 13:10:05.197 [main] DEBUG nextflow.script.ScriptRunner - > Launching execution
Aug-09 13:10:05.672 [main] DEBUG nextflow.script.ProcessConfig - Config settings `withLabel:short` matches labels `short` for process with name filtool
Aug-09 13:10:05.694 [main] DEBUG nextflow.executor.ExecutorFactory - << taskConfig executor: slurm
Aug-09 13:10:05.699 [main] DEBUG nextflow.executor.ExecutorFactory - >> processorType: 'slurm'
Aug-09 13:10:05.729 [main] DEBUG nextflow.executor.Executor - [warm up] executor > slurm
Aug-09 13:10:05.741 [main] DEBUG n.processor.TaskPollingMonitor - Creating task monitor for executor 'slurm' > capacity: 100; pollInterval: 5s; dumpInterval: 5m 
Aug-09 13:10:05.746 [main] DEBUG n.executor.AbstractGridExecutor - Creating executor 'slurm' > queue-stat-interval: 1m
Aug-09 13:10:05.927 [main] DEBUG nextflow.script.ProcessConfig - Config settings `withLabel:gpu_short` matches labels `gpu_short` for process with name peasoup
Aug-09 13:10:05.929 [main] DEBUG nextflow.executor.ExecutorFactory - << taskConfig executor: slurm
Aug-09 13:10:05.930 [main] DEBUG nextflow.executor.ExecutorFactory - >> processorType: 'slurm'
Aug-09 13:10:05.978 [main] DEBUG nextflow.script.ProcessConfig - Config settings `withLabel:short` matches labels `short` for process with name fold_peasoup_cands_pulsarx
Aug-09 13:10:05.991 [main] DEBUG nextflow.executor.ExecutorFactory - << taskConfig executor: slurm
Aug-09 13:10:05.991 [main] DEBUG nextflow.executor.ExecutorFactory - >> processorType: 'slurm'
Aug-09 13:10:05.995 [main] DEBUG nextflow.Session - Workflow process names [dsl2]: fold_peasoup_cands_pulsarx, filtool, peasoup
Aug-09 13:10:05.996 [main] DEBUG nextflow.Session - Igniting dataflow network (4)
Aug-09 13:10:06.036 [main] DEBUG nextflow.processor.TaskProcessor - Starting process > filtool
Aug-09 13:10:06.048 [main] DEBUG nextflow.processor.TaskProcessor - Starting process > peasoup
Aug-09 13:10:06.070 [main] DEBUG nextflow.processor.TaskProcessor - Starting process > fold_peasoup_cands_pulsarx
Aug-09 13:10:06.100 [main] DEBUG nextflow.script.ScriptRunner - > Awaiting termination 
Aug-09 13:10:06.100 [main] DEBUG nextflow.Session - Session await
Aug-09 13:10:06.702 [Task submitter] DEBUG nextflow.executor.GridTaskHandler - [SLURM] submitted process filtool (1) > jobId: 3822104; workDir: /hercules/scratch/vishnu/NEXTFLOW/compact_nextflow/work/ed/fee727451b5a50383da83159087205
Aug-09 13:10:06.702 [Task submitter] INFO  nextflow.Session - [ed/fee727] Submitted process > filtool (1)
Aug-09 13:10:30.750 [Task monitor] DEBUG n.processor.TaskPollingMonitor - Task completed > TaskHandler[jobId: 3822104; id: 1; name: filtool (1); status: COMPLETED; exit: 0; error: -; workDir: /hercules/scratch/vishnu/NEXTFLOW/compact_nextflow/work/ed/fee727451b5a50383da83159087205 started: 1691579410752; exited: 2023-08-09T11:10:27.85194Z; ]
Aug-09 13:10:30.971 [Task submitter] DEBUG nextflow.executor.GridTaskHandler - [SLURM] submitted process peasoup (1) > jobId: 3822105; workDir: /hercules/scratch/vishnu/NEXTFLOW/compact_nextflow/work/2e/7e27548a4335e77cfe5048df6dd513
Aug-09 13:10:30.971 [Task submitter] INFO  nextflow.Session - [2e/7e2754] Submitted process > peasoup (1)
Aug-09 13:10:35.753 [Task monitor] DEBUG n.processor.TaskPollingMonitor - Task completed > TaskHandler[jobId: 3822105; id: 2; name: peasoup (1); status: COMPLETED; exit: 0; error: -; workDir: /hercules/scratch/vishnu/NEXTFLOW/compact_nextflow/work/2e/7e27548a4335e77cfe5048df6dd513 started: 1691579435750; exited: 2023-08-09T11:10:35.279117Z; ]
Aug-09 13:10:35.845 [Task monitor] DEBUG nextflow.util.ThreadPoolBuilder - Creating thread pool 'PublishDir' minSize=10; maxSize=72; workQueue=LinkedBlockingQueue[10000]; allowCoreThreadTimeout=false
Aug-09 13:10:35.945 [Task submitter] DEBUG nextflow.executor.GridTaskHandler - [SLURM] submitted process fold_peasoup_cands_pulsarx (1) > jobId: 3822106; workDir: /hercules/scratch/vishnu/NEXTFLOW/compact_nextflow/work/99/9ab05c1333e2d57a81f31dab8d6716
Aug-09 13:10:35.946 [Task submitter] INFO  nextflow.Session - [99/9ab05c] Submitted process > fold_peasoup_cands_pulsarx (1)
Aug-09 13:11:10.753 [Task monitor] DEBUG n.processor.TaskPollingMonitor - Task completed > TaskHandler[jobId: 3822106; id: 3; name: fold_peasoup_cands_pulsarx (1); status: COMPLETED; exit: 0; error: -; workDir: /hercules/scratch/vishnu/NEXTFLOW/compact_nextflow/work/99/9ab05c1333e2d57a81f31dab8d6716 started: 1691579440751; exited: 2023-08-09T11:11:09.945962Z; ]
Aug-09 13:11:10.780 [main] DEBUG nextflow.Session - Session await > all processes finished
Aug-09 13:11:10.782 [main] DEBUG nextflow.Session - Session await > all barriers passed
Aug-09 13:11:10.820 [main] DEBUG nextflow.util.ThreadPoolManager - Thread pool 'PublishDir' shutdown completed (hard=false)
Aug-09 13:11:10.827 [main] DEBUG nextflow.trace.WorkflowStatsObserver - Workflow completed > WorkflowStats[succeededCount=3; failedCount=0; ignoredCount=0; cachedCount=0; pendingCount=0; submittedCount=0; runningCount=0; retriesCount=0; abortedCount=0; succeedDuration=20m 13s; failedDuration=0ms; cachedDuration=0ms;loadCpus=0; loadMemory=0; peakRunning=1; peakCpus=24; peakMemory=20 GB; ]
Aug-09 13:11:10.827 [main] DEBUG nextflow.trace.ReportObserver - Workflow completed -- rendering execution report
Aug-09 13:11:11.110 [main] DEBUG nextflow.trace.ReportObserver - Execution report summary data:
  [{"cpuUsage":{"mean":19.85,"min":19.85,"q1":19.85,"q2":19.85,"q3":19.85,"max":19.85,"minLabel":"filtool (1)","maxLabel":"filtool (1)","q1Label":"filtool (1)","q2Label":"filtool (1)","q3Label":"filtool (1)"},"process":"filtool","mem":{"mean":107401216,"min":107401216,"q1":107401216,"q2":107401216,"q3":107401216,"max":107401216,"minLabel":"filtool (1)","maxLabel":"filtool (1)","q1Label":"filtool (1)","q2Label":"filtool (1)","q3Label":"filtool (1)"},"memUsage":{"mean":1,"min":1,"q1":1,"q2":1,"q3":1,"max":1,"minLabel":"filtool (1)","maxLabel":"filtool (1)","q1Label":"filtool (1)","q2Label":"filtool (1)","q3Label":"filtool (1)"},"timeUsage":{"mean":0.13,"min":0.13,"q1":0.13,"q2":0.13,"q3":0.13,"max":0.13,"minLabel":"filtool (1)","maxLabel":"filtool (1)","q1Label":"filtool (1)","q2Label":"filtool (1)","q3Label":"filtool (1)"},"vmem":{"mean":142667776,"min":142667776,"q1":142667776,"q2":142667776,"q3":142667776,"max":142667776,"minLabel":"filtool (1)","maxLabel":"filtool (1)","q1Label":"filtool (1)","q2Label":"filtool (1)","q3Label":"filtool (1)"},"reads":{"mean":2040094798,"min":2040094798,"q1":2040094798,"q2":2040094798,"q3":2040094798,"max":2040094798,"minLabel":"filtool (1)","maxLabel":"filtool (1)","q1Label":"filtool (1)","q2Label":"filtool (1)","q3Label":"filtool (1)"},"cpu":{"mean":476.4,"min":476.4,"q1":476.4,"q2":476.4,"q3":476.4,"max":476.4,"minLabel":"filtool (1)","maxLabel":"filtool (1)","q1Label":"filtool (1)","q2Label":"filtool (1)","q3Label":"filtool (1)"},"time":{"mean":18710,"min":18710,"q1":18710,"q2":18710,"q3":18710,"max":18710,"minLabel":"filtool (1)","maxLabel":"filtool (1)","q1Label":"filtool (1)","q2Label":"filtool (1)","q3Label":"filtool (1)"},"writes":{"mean":2040014380,"min":2040014380,"q1":2040014380,"q2":2040014380,"q3":2040014380,"max":2040014380,"minLabel":"filtool (1)","maxLabel":"filtool (1)","q1Label":"filtool (1)","q2Label":"filtool (1)","q3Label":"filtool (1)"}},{"cpuUsage":{"mean":88.1,"min":88.1,"q1":88.1,"q2":88.1,"q3":88.1,"max":88.1,"minLabel":"peasoup (1)","maxLabel":"peasoup (1)","q1Label":"peasoup (1)","q2Label":"peasoup (1)","q3Label":"peasoup (1)"},"process":"peasoup","mem":{"mean":436924416,"min":436924416,"q1":436924416,"q2":436924416,"q3":436924416,"max":436924416,"minLabel":"peasoup (1)","maxLabel":"peasoup (1)","q1Label":"peasoup (1)","q2Label":"peasoup (1)","q3Label":"peasoup (1)"},"memUsage":{"mean":2.03,"min":2.03,"q1":2.03,"q2":2.03,"q3":2.03,"max":2.03,"minLabel":"peasoup (1)","maxLabel":"peasoup (1)","q1Label":"peasoup (1)","q2Label":"peasoup (1)","q3Label":"peasoup (1)"},"timeUsage":{"mean":0.06,"min":0.06,"q1":0.06,"q2":0.06,"q3":0.06,"max":0.06,"minLabel":"peasoup (1)","maxLabel":"peasoup (1)","q1Label":"peasoup (1)","q2Label":"peasoup (1)","q3Label":"peasoup (1)"},"vmem":{"mean":5887672320,"min":5887672320,"q1":5887672320,"q2":5887672320,"q3":5887672320,"max":5887672320,"minLabel":"peasoup (1)","maxLabel":"peasoup (1)","q1Label":"peasoup (1)","q2Label":"peasoup (1)","q3Label":"peasoup (1)"},"reads":{"mean":2057267694,"min":2057267694,"q1":2057267694,"q2":2057267694,"q3":2057267694,"max":2057267694,"minLabel":"peasoup (1)","maxLabel":"peasoup (1)","q1Label":"peasoup (1)","q2Label":"peasoup (1)","q3Label":"peasoup (1)"},"cpu":{"mean":88.1,"min":88.1,"q1":88.1,"q2":88.1,"q3":88.1,"max":88.1,"minLabel":"peasoup (1)","maxLabel":"peasoup (1)","q1Label":"peasoup (1)","q2Label":"peasoup (1)","q3Label":"peasoup (1)"},"time":{"mean":2189,"min":2189,"q1":2189,"q2":2189,"q3":2189,"max":2189,"minLabel":"peasoup (1)","maxLabel":"peasoup (1)","q1Label":"peasoup (1)","q2Label":"peasoup (1)","q3Label":"peasoup (1)"},"writes":{"mean":8346,"min":8346,"q1":8346,"q2":8346,"q3":8346,"max":8346,"minLabel":"peasoup (1)","maxLabel":"peasoup (1)","q1Label":"peasoup (1)","q2Label":"peasoup (1)","q3Label":"peasoup (1)"}},{"cpuUsage":{"mean":52.04,"min":52.04,"q1":52.04,"q2":52.04,"q3":52.04,"max":52.04,"minLabel":"fold_peasoup_cands_pulsarx (1)","maxLabel":"fold_peasoup_cands_pulsarx (1)","q1Label":"fold_peasoup_cands_pulsarx (1)","q2Label":"fold_peasoup_cands_pulsarx (1)","q3Label":"fold_peasoup_cands_pulsarx (1)"},"process":"fold_peasoup_cands_pulsarx","mem":{"mean":342667264,"min":342667264,"q1":342667264,"q2":342667264,"q3":342667264,"max":342667264,"minLabel":"fold_peasoup_cands_pulsarx (1)","maxLabel":"fold_peasoup_cands_pulsarx (1)","q1Label":"fold_peasoup_cands_pulsarx (1)","q2Label":"fold_peasoup_cands_pulsarx (1)","q3Label":"fold_peasoup_cands_pulsarx (1)"},"memUsage":{"mean":3.19,"min":3.19,"q1":3.19,"q2":3.19,"q3":3.19,"max":3.19,"minLabel":"fold_peasoup_cands_pulsarx (1)","maxLabel":"fold_peasoup_cands_pulsarx (1)","q1Label":"fold_peasoup_cands_pulsarx (1)","q2Label":"fold_peasoup_cands_pulsarx (1)","q3Label":"fold_peasoup_cands_pulsarx (1)"},"timeUsage":{"mean":0.22,"min":0.22,"q1":0.22,"q2":0.22,"q3":0.22,"max":0.22,"minLabel":"fold_peasoup_cands_pulsarx (1)","maxLabel":"fold_peasoup_cands_pulsarx (1)","q1Label":"fold_peasoup_cands_pulsarx (1)","q2Label":"fold_peasoup_cands_pulsarx (1)","q3Label":"fold_peasoup_cands_pulsarx (1)"},"vmem":{"mean":1541738496,"min":1541738496,"q1":1541738496,"q2":1541738496,"q3":1541738496,"max":1541738496,"minLabel":"fold_peasoup_cands_pulsarx (1)","maxLabel":"fold_peasoup_cands_pulsarx (1)","q1Label":"fold_peasoup_cands_pulsarx (1)","q2Label":"fold_peasoup_cands_pulsarx (1)","q3Label":"fold_peasoup_cands_pulsarx (1)"},"reads":{"mean":2052697243,"min":2052697243,"q1":2052697243,"q2":2052697243,"q3":2052697243,"max":2052697243,"minLabel":"fold_peasoup_cands_pulsarx (1)","maxLabel":"fold_peasoup_cands_pulsarx (1)","q1Label":"fold_peasoup_cands_pulsarx (1)","q2Label":"fold_peasoup_cands_pulsarx (1)","q3Label":"fold_peasoup_cands_pulsarx (1)"},"cpu":{"mean":1248.9,"min":1248.9,"q1":1248.9,"q2":1248.9,"q3":1248.9,"max":1248.9,"minLabel":"fold_peasoup_cands_pulsarx (1)","maxLabel":"fold_peasoup_cands_pulsarx (1)","q1Label":"fold_peasoup_cands_pulsarx (1)","q2Label":"fold_peasoup_cands_pulsarx (1)","q3Label":"fold_peasoup_cands_pulsarx (1)"},"time":{"mean":31735,"min":31735,"q1":31735,"q2":31735,"q3":31735,"max":31735,"minLabel":"fold_peasoup_cands_pulsarx (1)","maxLabel":"fold_peasoup_cands_pulsarx (1)","q1Label":"fold_peasoup_cands_pulsarx (1)","q2Label":"fold_peasoup_cands_pulsarx (1)","q3Label":"fold_peasoup_cands_pulsarx (1)"},"writes":{"mean":2563519,"min":2563519,"q1":2563519,"q2":2563519,"q3":2563519,"max":2563519,"minLabel":"fold_peasoup_cands_pulsarx (1)","maxLabel":"fold_peasoup_cands_pulsarx (1)","q1Label":"fold_peasoup_cands_pulsarx (1)","q2Label":"fold_peasoup_cands_pulsarx (1)","q3Label":"fold_peasoup_cands_pulsarx (1)"}}]
Aug-09 13:11:12.771 [main] DEBUG nextflow.cache.CacheDB - Closing CacheDB done
Aug-09 13:11:12.811 [main] DEBUG nextflow.util.ThreadPoolManager - Thread pool 'FileTransfer' shutdown completed (hard=false)
Aug-09 13:11:12.812 [main] DEBUG nextflow.script.ScriptRunner - > Execution complete -- Goodbye
