Aug-16 02:47:02.660 [main] DEBUG nextflow.cli.Launcher - $> nextflow run 'https://github.com/erc-compact/compact_nextflow' -name shrivelled_snyder -with-tower -r main -profile ozstar
Aug-16 02:47:02.985 [main] INFO  nextflow.cli.CmdRun - N E X T F L O W  ~  version 23.04.3
N E X T F L O W  ~  version 23.04.3
Aug-16 02:47:03.566 [main] DEBUG nextflow.plugin.PluginsFacade - Setting up plugin manager > mode=prod; embedded=false; plugins-dir=/home/vbalakri/.nextflow/plugins; core-plugins: nf-amazon@1.16.2,nf-azure@1.0.1,nf-codecommit@0.1.4,nf-console@1.0.5,nf-ga4gh@1.0.5,nf-google@1.7.3,nf-tower@1.5.12,nf-wave@0.8.4
Aug-16 02:47:03.709 [main] INFO  org.pf4j.DefaultPluginStatusProvider - Enabled plugins: []
Aug-16 02:47:03.734 [main] INFO  org.pf4j.DefaultPluginStatusProvider - Disabled plugins: []
Aug-16 02:47:03.754 [main] INFO  org.pf4j.DefaultPluginManager - PF4J version 3.4.1 in 'deployment' mode
Aug-16 02:47:03.846 [main] INFO  org.pf4j.AbstractPluginManager - No plugins
Aug-16 02:47:04.211 [main] DEBUG nextflow.scm.ProviderConfig - Detected SCM custom path: https://api.tower.nf/ephemeral/alh91GcGXadcYF_VOKwqMw
Aug-16 02:47:12.719 [main] ERROR nextflow.cli.Launcher - Unable to access config file 'https://api.tower.nf/ephemeral/alh91GcGXadcYF_VOKwqMw' -- Unknown host: java.net.UnknownHostException: api.tower.nf

  api.tower.nf

java.net.UnknownHostException: api.tower.nf
	at java.base/sun.nio.ch.NioSocketImpl.connect(NioSocketImpl.java:567)
	at java.base/java.net.SocksSocketImpl.connect(SocksSocketImpl.java:327)
	at java.base/java.net.Socket.connect(Socket.java:633)
	at java.base/sun.security.ssl.SSLSocketImpl.connect(SSLSocketImpl.java:304)
	at java.base/sun.security.ssl.BaseSSLSocketImpl.connect(BaseSSLSocketImpl.java:174)
	at java.base/sun.net.NetworkClient.doConnect(NetworkClient.java:183)
	at java.base/sun.net.www.http.HttpClient.openServer(HttpClient.java:532)
	at java.base/sun.net.www.http.HttpClient.openServer(HttpClient.java:637)
	at java.base/sun.net.www.protocol.https.HttpsClient.<init>(HttpsClient.java:266)
	at java.base/sun.net.www.protocol.https.HttpsClient.New(HttpsClient.java:380)
	at java.base/sun.net.www.protocol.https.AbstractDelegateHttpsURLConnection.getNewHttpClient(AbstractDelegateHttpsURLConnection.java:193)
	at java.base/sun.net.www.protocol.http.HttpURLConnection.plainConnect0(HttpURLConnection.java:1242)
	at java.base/sun.net.www.protocol.http.HttpURLConnection.plainConnect(HttpURLConnection.java:1128)
	at java.base/sun.net.www.protocol.https.AbstractDelegateHttpsURLConnection.connect(AbstractDelegateHttpsURLConnection.java:179)
	at java.base/sun.net.www.protocol.http.HttpURLConnection.getInputStream0(HttpURLConnection.java:1665)
	at java.base/sun.net.www.protocol.http.HttpURLConnection.getInputStream(HttpURLConnection.java:1589)
	at java.base/java.net.HttpURLConnection.getResponseCode(HttpURLConnection.java:529)
	at java.base/sun.net.www.protocol.https.HttpsURLConnectionImpl.getResponseCode(HttpsURLConnectionImpl.java:308)
	at nextflow.file.http.XFileSystemProvider.toConnection0(XFileSystemProvider.groovy:193)
	at nextflow.file.http.XFileSystemProvider.toConnection(XFileSystemProvider.groovy:181)
	at nextflow.file.http.XFileSystemProvider.newInputStream(XFileSystemProvider.groovy:330)
	at java.base/java.nio.file.Files.newInputStream(Files.java:160)
	at java.base/java.nio.file.Files.newBufferedReader(Files.java:2922)
	at org.apache.groovy.nio.extensions.NioExtensions.newReader(NioExtensions.java:1404)
	at org.apache.groovy.nio.extensions.NioExtensions.getText(NioExtensions.java:397)
	at nextflow.scm.ProviderConfig.getFromFile(ProviderConfig.groovy:286)
	at nextflow.scm.ProviderConfig.getDefault(ProviderConfig.groovy:332)
	at nextflow.scm.AssetManager.<init>(AssetManager.groovy:102)
	at nextflow.cli.CmdRun.getScriptFile0(CmdRun.groovy:517)
	at nextflow.cli.CmdRun.getScriptFile(CmdRun.groovy:458)
	at nextflow.cli.CmdRun.run(CmdRun.groovy:314)
	at nextflow.cli.Launcher.run(Launcher.groovy:494)
	at nextflow.cli.Launcher.main(Launcher.groovy:653)
ERROR ~ Unknown network host: api.tower.nf

 -- Check 'nf-5EM7dlu4wh0m4G.log' file for details
/jobfs/local/slurm/job39781876/slurm_script: line 109: 26404 Killed                  nextflow run https\://github.com/erc-compact/compact_nextflow -name shrivelled_snyder -with-tower -r main -profile ozstar > >(tee -a $NXF_OUT_FILE) 2>&1
slurmstepd: error: Detected 2 oom-kill event(s) in StepId=39781876.batch. Some of your processes may have been killed by the cgroup out-of-memory handler.
